
ROM used:   1229/8192 (15%)
            1229/8192 (15%) including unused fragments

            1.0 Average locations per line
            9.5 Average locations per statement

RAM used:   13/368 (4%) at main() level
            38/368 (10%) worst case

Stack used: 5 worst case (5 in main + 0 for interrupts)
Stack size: 8

Lines Stmts  %   Files
----- ----- ---  -----
   55    29  22  Lm35-Labview.c
    7     0   0  Lm35-Labview.h
  674     0   0  D:\Program Files (x86)\PICC\Devices\16F877A.h
  456   100  78  D:\Program Files (x86)\PICC\Drivers\lcd.c
----- -----
 1192   129 Total

Page ROM  %  RAM    Vol Diff  Functions:
---- --- --- ---    --- ----  ----------
0     20   2    1             @delay_ms1
 Inline         3    760  4.5  lcd_read_byte
0     49   4    2    262  3.7  lcd_read_nibble
0     46   4    1    399  2.4  lcd_send_nibble
0     94   8    3    415  3.7  lcd_send_byte
0     70   6    6    852  6.2  lcd_init
0     18   1    4    208  6.3  lcd_gotoxy
0     44   4    1    354  4.7  lcd_putc
0    255  21    5    727  5.1  MAIN
0     31   3    2             @ITOF
0    117  10   13             @MULFF
 Inline         5             @FTOSD
0     79   6   13             @DIV3232
0    230  19   13             @PRINTF_L32D_9600_62_63FPFPF
0      1   0    0             @const654
0     86   7    4             @PSTRINGC7_623
0     63   5   10             @FLT
0      7   1    0             @const663
0      8   1    0             @const664
0      7   1    0             @const665
 Inline         0             @cinit1

Program metrics:
    Functions               8
    Statements              129
    Comments                224
    Volume (V)              6008
    Difficulty (D)          34.6
    Effort to implement (E) 208164
    Time to implement (T)   3 hours, 13 minutes
    Est Delivered Bugs (B)  1
    Cyclomatic Complexity   11
    Maintainability (MI)    138

 Segment     Used  Free
-----------  ----  ----
00000-00003     4  0  
00004-007FF  1225  819  
00800-00FFF     0  2048  
01000-017FF     0  2048  
01800-01FFF     0  2048  



