
ROM used:   478/8192 (6%)
            478/8192 (6%) including unused fragments

            0.4 Average locations per line
            5.1 Average locations per statement

RAM used:   12/368 (3%) at main() level
            28/368 (8%) worst case

Stack used: 4 worst case (4 in main + 0 for interrupts)
Stack size: 8

Lines Stmts  %   Files
----- ----- ---  -----
   28     9  10  PIC_LM35_Labview.c
  674     0   0  D:\Program Files (x86)\PICC\Devices\16f877a.h
  456    84  90  D:\Program Files (x86)\PICC\Drivers\lcd.c
----- -----
 1158    93 Total

Page ROM  %  RAM    Vol Diff  Functions:
---- --- --- ---    --- ----  ----------
0     13   3    1             @delay_ms1
 Inline         3    596  5.9  lcd_read_byte
0      6   1    0     59  4.2  lcd_read_nibble
0     11   2    1    179  3.3  lcd_send_nibble
0     63  13    3    460  4.7  lcd_send_byte
0     62  13    6    814  7.2  lcd_init
0     18   4    4    208  6.3  lcd_gotoxy
0     46  10    1    354  4.7  lcd_putc
0     50  10    5    214  2.6  MAIN
0      7   1    0             @const639
0     88  18    4             @PSTRINGC7_622
0     21   4    3             @DIV88
0     89  19    6             @PRINTF_D_622
 Inline         0             @cinit1

Program metrics:
    Functions               8
    Statements              93
    Comments                221
    Volume (V)              4378
    Difficulty (D)          37.2
    Effort to implement (E) 162809
    Time to implement (T)   2 hours, 31 minutes
    Est Delivered Bugs (B)  1
    Cyclomatic Complexity   8
    Maintainability (MI)    146

 Segment     Used  Free
-----------  ----  ----
00000-00003     4  0  
00004-007FF   474  1570  
00800-00FFF     0  2048  
01000-017FF     0  2048  
01800-01FFF     0  2048  



