
ROM used:   71/512 (14%)
            71/512 (14%) including unused fragments

            0.1 Average locations per line
            5.1 Average locations per statement

RAM used:   5/64 (8%) at main() level
            6/64 (9%) worst case

Stack used: 0 worst case (0 in main + 0 for interrupts)
Stack size: 8

Lines Stmts  %   Files
----- ----- ---  -----
   33    14 100  traffic_light.c
    3     0   0  traffic_light.h
  643     0   0  D:\Program Files (x86)\PICC\Devices\10LF322.h
----- -----
  679    14 Total

Page ROM  %  RAM    Vol Diff  Functions:
---- --- --- ---    --- ----  ----------
0     19  27    1             @delay_ms1
0     48  68    1    268  1.9  main
 Inline         0             @cinit1

Program metrics:
    Functions               1
    Statements              14
    Comments                125
    Volume (V)              272
    Difficulty (D)          1.7
    Effort to implement (E) 470
    Time to implement (T)   0 minutes
    Est Delivered Bugs (B)  0
    Cyclomatic Complexity   1
    Maintainability (MI)    49

 Segment     Used  Free
-----------  ----  ----
00000-00003     4  0  
00004-001FF    67  441  



