
ROM used:   40/1024 (4%)
            40/1024 (4%) including unused fragments

            0.1 Average locations per line
            8.0 Average locations per statement

RAM used:   5/36 (14%) at main() level
            6/36 (17%) worst case

Stack used: 0 worst case (0 in main + 0 for interrupts)
Stack size: 8

Lines Stmts  %   Files
----- ----- ---  -----
   22     5 100  8flasher.c
    3     0   0  8flasher.h
  393     0   0  D:\Program Files (x86)\PICC\Devices\16C61.h
----- -----
  418     5 Total

Page ROM  %  RAM    Vol Diff  Functions:
---- --- --- ---    --- ----  ----------
0     19  48    1             @delay_ms1
0     17  42    1    106  2.5  main
 Inline         0             @cinit1

Program metrics:
    Functions               1
    Statements              5
    Comments                70
    Volume (V)              110
    Difficulty (D)          2.2
    Effort to implement (E) 242
    Time to implement (T)   0 minutes
    Est Delivered Bugs (B)  0
    Cyclomatic Complexity   1
    Maintainability (MI)    140

 Segment     Used  Free
-----------  ----  ----
00000-00003     4  0  
00004-003FF    36  984  



